{
    "endedAt": null,
    "executionArn": "arn:aws:states:us-east-1:234567890:execution:rp-execute-analysis:00000000-hhhh-bbbb-cccc-kkkkllllmmmmnnnn",
    "executionName": "00000000-hhhh-iiii-jjjj-kkkkllllmmmmnnnn",
    "input": {
        "input": {
            "janeAdapter": {
                "assay": "RNA-onco.v1",
                "analyte": "rna",
                "matchType": "tumorOnly",
                "cloudDestination": [
                    "gs://tl-bet-bioinf-analysis-complete-us"
                ],
                "assets": [
                    {
                        "assetId": "00-HIJKLMN_0000",
                        "fastqUrl": null,
                        "gcsUrl": "gs://tl-bet-sequencer-output-fastq-us/20250109-054454-352503-f79c61425a11/00-HIJKLMN_0000.tar.gz",
                        "tissueClassification": "tumor",
                        "tissueSource": "human",
                        "tissueType": "solid",
                        "coverage": "high"
                    }
                ],
                "intent": "rad",
                "orderLabId": null,
                "patientId": null,
                "orderhubId": "hijklmn",
                "orderhubItemId": "hijklmn-0000-0000-0000-hijklmn",
                "urgency": "low",
                "cancerCohort": "Cancer",
                "cancerCohorts": null,
                "isControl": false,
                "controlSampleType": null,
                "assayVersion": null,
                "flowCellId": null,
                "isolateId": null,
                "sampleClass": null,
                "tumorPercentage": null,
                "transformOverrides": [
                    {
                        "workflow": "altered_splicing",
                        "transformId": "00000-00000-00000-00000"
                    },
                    {
                        "workflow": "expression_quant",
                        "transformId": "11111-11111-11111-11111"
                    },
                    {
                        "workflow": "gene_quant",
                        "transformId": "22222-222222-22222-22222"
                    },
                    {
                        "workflow": "gep_interpretation",
                        "transformId": "33333-33333-33333-33333"
                    },
                    {
                        "workflow": "ihc_er_prediction",
                        "transformId": "44444-44444-44444-44444"
                    },
                    {
                        "workflow": "ihc_pr_prediction",
                        "transformId": "55555-55555-55555-55555"
                    },
                    {
                        "workflow": "rna_exp_alignment",
                        "transformId": "66666-66666-66666-66666"
                    },
                    {
                        "workflow": "rna_fusion_align",
                        "transformId": "77777-77777-77777-77777"
                    },
                    {
                        "workflow": "rna_fusion_annot",
                        "transformId": "88888-88888-88888-88888"
                    },
                    {
                        "workflow": "rna_fusion_char",
                        "transformId": "99999-99999-99999-99999"
                    },
                    {
                        "workflow": "rna_fusion_mojo",
                        "transformId": "10101-01010-10101"
                    },
                    {
                        "workflow": "rna_fusion_star",
                        "transformId": "12121-21212-12121"
                    },
                    {
                        "workflow": "rna_qc",
                        "transformId": "13131-31313-13131"
                    },
                    {
                        "workflow": "rna_qc_aggregate",
                        "transformId": "14141-41414-14141"
                    },
                    {
                        "workflow": "umi_deduplication",
                        "transformId": "15151-51515-15151"
                    }
                ]
            },
            "isOhRun": false,
            "transformDryRun": false
        }
    },
    "output": null,
    "startedAt": "2025-01-01 01:01:00+00:00",
    "stateMachineArn": "arn:aws:states:us-east-1:227117204443:stateMachine:rp-execute-analysis",
    "stateMachineName": "rp-execute-analysis",
    "status": "RUNNING",
    "analysis": {
        "id": "hijklmnhijklmnhijklmnhijklmnhijklmn",
        "orderLabId": null,
        "assay": "rna-onco.v1",
        "analyte": "rna",
        "matchType": "tumor_only",
        "patientId": null,
        "cancerCohort": "Cancer",
        "orderId": null,
        "status": "initialized",
        "created": "2025-01-01 01:01:00+00:00",
        "updated": "2025-01-01 01:01:00+00:00",
        "runs": [],
        "qcStatus": null,
        "qcExceptions": [],
        "qcStatusId": null,
        "qcUser": null,
        "isQcStatusApproved": false,
        "orderhubId": "hijklmn",
        "orderhubItemId": "hijklmn-0000-0000-0000-hijklmn",
        "intent": "rad",
        "flowcellIds": [],
        "isControl": false,
        "controlSampleType": null,
        "isQc4": false,
        "isolates": [
            {
                "isolateId": "00-HIJKLMN_0000",
                "orderId": null,
                "classification": "tumor",
                "tissueSource": "human",
                "tissueType": "solid",
                "fastqUrl": "gs://tl-bet-sequencer-output-fastq-us/00000-11111-22222-33333-44444/00-HIJKLMN_0000.tar.gz",
                "assay": "rna-onco.v1",
                "analyte": "rna",
                "minViableCoverage": null,
                "coverage": "high"
            }
        ],
        "notes": [],
        "outputs": [],
        "qcStatusNew": null,
        "workflows": []
    }
}